Analysis & Elaboration report for multiply
Wed Feb 15 14:19:33 2023
Quartus Prime Version 18.1.0 Build 625 09/12/2018 SJ Lite Edition


---------------------
; Table of Contents ;
---------------------
  1. Legal Notice
  2. Analysis & Elaboration Summary
  3. Parallel Compilation
  4. Analysis & Elaboration Settings
  5. Analysis & Elaboration Messages
  6. Analysis & Elaboration Suppressed Messages



----------------
; Legal Notice ;
----------------
Copyright (C) 2018  Intel Corporation. All rights reserved.
Your use of Intel Corporation's design tools, logic functions 
and other software and tools, and its AMPP partner logic 
functions, and any output files from any of the foregoing 
(including device programming or simulation files), and any 
associated documentation or information are expressly subject 
to the terms and conditions of the Intel Program License 
Subscription Agreement, the Intel Quartus Prime License Agreement,
the Intel FPGA IP License Agreement, or other applicable license
agreement, including, without limitation, that your use is for
the sole purpose of programming logic devices manufactured by
Intel and sold by Intel or its authorized distributors.  Please
refer to the applicable agreement for further details.



+----------------------------------------------------------------------------------+
; Analysis & Elaboration Summary                                                   ;
+------------------------------------+---------------------------------------------+
; Analysis & Elaboration Status      ; Failed - Wed Feb 15 14:19:33 2023           ;
; Quartus Prime Version              ; 18.1.0 Build 625 09/12/2018 SJ Lite Edition ;
; Revision Name                      ; multiply                                    ;
; Top-level Entity Name              ; multiply                                    ;
; Family                             ; MAX 10                                      ;
; Total logic elements               ; N/A until Partition Merge                   ;
;     Total combinational functions  ; N/A until Partition Merge                   ;
;     Dedicated logic registers      ; N/A until Partition Merge                   ;
; Total registers                    ; N/A until Partition Merge                   ;
; Total pins                         ; N/A until Partition Merge                   ;
; Total virtual pins                 ; N/A until Partition Merge                   ;
; Total memory bits                  ; N/A until Partition Merge                   ;
; Embedded Multiplier 9-bit elements ; N/A until Partition Merge                   ;
; Total PLLs                         ; N/A until Partition Merge                   ;
; UFM blocks                         ; N/A until Partition Merge                   ;
; ADC blocks                         ; N/A until Partition Merge                   ;
+------------------------------------+---------------------------------------------+


+------------------------------------------+
; Parallel Compilation                     ;
+----------------------------+-------------+
; Processors                 ; Number      ;
+----------------------------+-------------+
; Number detected on machine ; 12          ;
; Maximum allowed            ; 6           ;
;                            ;             ;
; Average used               ; 1.00        ;
; Maximum used               ; 1           ;
;                            ;             ;
; Usage by Processor         ; % Time Used ;
;     Processor 1            ; 100.0%      ;
+----------------------------+-------------+


+------------------------------------------------------------------------------------------------------------+
; Analysis & Elaboration Settings                                                                            ;
+------------------------------------------------------------------+--------------------+--------------------+
; Option                                                           ; Setting            ; Default Value      ;
+------------------------------------------------------------------+--------------------+--------------------+
; Device                                                           ; 10M50DAF484C7G     ;                    ;
; Top-level entity name                                            ; multiply           ; multiply           ;
; Family name                                                      ; MAX 10             ; Cyclone V          ;
; Use smart compilation                                            ; Off                ; Off                ;
; Enable parallel Assembler and Timing Analyzer during compilation ; On                 ; On                 ;
; Enable compact report table                                      ; Off                ; Off                ;
; Restructure Multiplexers                                         ; Auto               ; Auto               ;
; Create Debugging Nodes for IP Cores                              ; Off                ; Off                ;
; Preserve fewer node names                                        ; On                 ; On                 ;
; Intel FPGA IP Evaluation Mode                                    ; Enable             ; Enable             ;
; Verilog Version                                                  ; Verilog_2001       ; Verilog_2001       ;
; VHDL Version                                                     ; VHDL_1993          ; VHDL_1993          ;
; State Machine Processing                                         ; Auto               ; Auto               ;
; Safe State Machine                                               ; Off                ; Off                ;
; Extract Verilog State Machines                                   ; On                 ; On                 ;
; Extract VHDL State Machines                                      ; On                 ; On                 ;
; Ignore Verilog initial constructs                                ; Off                ; Off                ;
; Iteration limit for constant Verilog loops                       ; 5000               ; 5000               ;
; Iteration limit for non-constant Verilog loops                   ; 250                ; 250                ;
; Add Pass-Through Logic to Inferred RAMs                          ; On                 ; On                 ;
; Infer RAMs from Raw Logic                                        ; On                 ; On                 ;
; Parallel Synthesis                                               ; On                 ; On                 ;
; DSP Block Balancing                                              ; Auto               ; Auto               ;
; NOT Gate Push-Back                                               ; On                 ; On                 ;
; Power-Up Don't Care                                              ; On                 ; On                 ;
; Remove Redundant Logic Cells                                     ; Off                ; Off                ;
; Remove Duplicate Registers                                       ; On                 ; On                 ;
; Ignore CARRY Buffers                                             ; Off                ; Off                ;
; Ignore CASCADE Buffers                                           ; Off                ; Off                ;
; Ignore GLOBAL Buffers                                            ; Off                ; Off                ;
; Ignore ROW GLOBAL Buffers                                        ; Off                ; Off                ;
; Ignore LCELL Buffers                                             ; Off                ; Off                ;
; Ignore SOFT Buffers                                              ; On                 ; On                 ;
; Limit AHDL Integers to 32 Bits                                   ; Off                ; Off                ;
; Optimization Technique                                           ; Balanced           ; Balanced           ;
; Carry Chain Length                                               ; 70                 ; 70                 ;
; Auto Carry Chains                                                ; On                 ; On                 ;
; Auto Open-Drain Pins                                             ; On                 ; On                 ;
; Perform WYSIWYG Primitive Resynthesis                            ; Off                ; Off                ;
; Auto ROM Replacement                                             ; On                 ; On                 ;
; Auto RAM Replacement                                             ; On                 ; On                 ;
; Auto DSP Block Replacement                                       ; On                 ; On                 ;
; Auto Shift Register Replacement                                  ; Auto               ; Auto               ;
; Allow Shift Register Merging across Hierarchies                  ; Auto               ; Auto               ;
; Auto Clock Enable Replacement                                    ; On                 ; On                 ;
; Strict RAM Replacement                                           ; Off                ; Off                ;
; Allow Synchronous Control Signals                                ; On                 ; On                 ;
; Force Use of Synchronous Clear Signals                           ; Off                ; Off                ;
; Auto RAM Block Balancing                                         ; On                 ; On                 ;
; Auto RAM to Logic Cell Conversion                                ; Off                ; Off                ;
; Auto Resource Sharing                                            ; Off                ; Off                ;
; Allow Any RAM Size For Recognition                               ; Off                ; Off                ;
; Allow Any ROM Size For Recognition                               ; Off                ; Off                ;
; Allow Any Shift Register Size For Recognition                    ; Off                ; Off                ;
; Use LogicLock Constraints during Resource Balancing              ; On                 ; On                 ;
; Ignore translate_off and synthesis_off directives                ; Off                ; Off                ;
; Timing-Driven Synthesis                                          ; On                 ; On                 ;
; Report Parameter Settings                                        ; On                 ; On                 ;
; Report Source Assignments                                        ; On                 ; On                 ;
; Report Connectivity Checks                                       ; On                 ; On                 ;
; Ignore Maximum Fan-Out Assignments                               ; Off                ; Off                ;
; Synchronization Register Chain Length                            ; 2                  ; 2                  ;
; Power Optimization During Synthesis                              ; Normal compilation ; Normal compilation ;
; HDL message level                                                ; Level2             ; Level2             ;
; Suppress Register Optimization Related Messages                  ; Off                ; Off                ;
; Number of Removed Registers Reported in Synthesis Report         ; 5000               ; 5000               ;
; Number of Swept Nodes Reported in Synthesis Report               ; 5000               ; 5000               ;
; Number of Inverted Registers Reported in Synthesis Report        ; 100                ; 100                ;
; Clock MUX Protection                                             ; On                 ; On                 ;
; Auto Gated Clock Conversion                                      ; Off                ; Off                ;
; Block Design Naming                                              ; Auto               ; Auto               ;
; SDC constraint protection                                        ; Off                ; Off                ;
; Synthesis Effort                                                 ; Auto               ; Auto               ;
; Shift Register Replacement - Allow Asynchronous Clear Signal     ; On                 ; On                 ;
; Pre-Mapping Resynthesis Optimization                             ; Off                ; Off                ;
; Analysis & Synthesis Message Level                               ; Medium             ; Medium             ;
; Disable Register Merging Across Hierarchies                      ; Auto               ; Auto               ;
; Resource Aware Inference For Block RAM                           ; On                 ; On                 ;
+------------------------------------------------------------------+--------------------+--------------------+


+---------------------------------+
; Analysis & Elaboration Messages ;
+---------------------------------+
Info: *******************************************************************
Info: Running Quartus Prime Analysis & Elaboration
    Info: Version 18.1.0 Build 625 09/12/2018 SJ Lite Edition
    Info: Processing started: Wed Feb 15 14:19:25 2023
Info: Command: quartus_map --read_settings_files=on --write_settings_files=off multiply -c multiply --analysis_and_elaboration
Warning (18236): Number of processors has not been specified which may cause overloading on shared machines.  Set the global assignment NUM_PARALLEL_PROCESSORS in your QSF to an appropriate value for best performance.
Info (20030): Parallel compilation is enabled and will use 6 of the 6 processors detected
Info (12021): Found 1 design units, including 1 entities, in source file hexdriver.sv
    Info (12023): Found entity 1: HexDriver File: //ad.uillinois.edu/engr-ews/analla6/Desktop/ECE385/lab4/HexDriver.sv Line: 1
Info (12021): Found 1 design units, including 1 entities, in source file full_adder.sv
    Info (12023): Found entity 1: full_adder File: //ad.uillinois.edu/engr-ews/analla6/Desktop/ECE385/lab4/full_adder.sv Line: 1
Info (12021): Found 1 design units, including 1 entities, in source file control.sv
    Info (12023): Found entity 1: control File: //ad.uillinois.edu/engr-ews/analla6/Desktop/ECE385/lab4/control.sv Line: 7
Info (12021): Found 1 design units, including 1 entities, in source file mux2_1_17.sv
    Info (12023): Found entity 1: mux2_1_17 File: //ad.uillinois.edu/engr-ews/analla6/Desktop/ECE385/lab4/mux2_1_17.sv Line: 1
Info (12021): Found 1 design units, including 1 entities, in source file reg_17.sv
    Info (12023): Found entity 1: reg_17 File: //ad.uillinois.edu/engr-ews/analla6/Desktop/ECE385/lab4/reg_17.sv Line: 1
Info (12021): Found 2 design units, including 2 entities, in source file addition_unit.sv
    Info (12023): Found entity 1: addition_unit File: //ad.uillinois.edu/engr-ews/analla6/Desktop/ECE385/lab4/addition_unit.sv Line: 1
    Info (12023): Found entity 2: add_sub File: //ad.uillinois.edu/engr-ews/analla6/Desktop/ECE385/lab4/addition_unit.sv Line: 21
Info (12021): Found 1 design units, including 1 entities, in source file multiply.sv
    Info (12023): Found entity 1: multiply File: //ad.uillinois.edu/engr-ews/analla6/Desktop/ECE385/lab4/multiply.sv Line: 13
Info (12021): Found 2 design units, including 2 entities, in source file reg_8.sv
    Info (12023): Found entity 1: reg_8 File: //ad.uillinois.edu/engr-ews/analla6/Desktop/ECE385/lab4/reg_8.sv Line: 1
    Info (12023): Found entity 2: reg_1 File: //ad.uillinois.edu/engr-ews/analla6/Desktop/ECE385/lab4/reg_8.sv Line: 29
Info (12021): Found 3 design units, including 3 entities, in source file synchronizers.sv
    Info (12023): Found entity 1: sync File: //ad.uillinois.edu/engr-ews/analla6/Desktop/ECE385/lab4/Synchronizers.sv Line: 4
    Info (12023): Found entity 2: sync_r0 File: //ad.uillinois.edu/engr-ews/analla6/Desktop/ECE385/lab4/Synchronizers.sv Line: 18
    Info (12023): Found entity 3: sync_r1 File: //ad.uillinois.edu/engr-ews/analla6/Desktop/ECE385/lab4/Synchronizers.sv Line: 39
Warning (10236): Verilog HDL Implicit Net warning at multiply.sv(68): created implicit net for "A" File: //ad.uillinois.edu/engr-ews/analla6/Desktop/ECE385/lab4/multiply.sv Line: 68
Warning (10236): Verilog HDL Implicit Net warning at multiply.sv(69): created implicit net for "B" File: //ad.uillinois.edu/engr-ews/analla6/Desktop/ECE385/lab4/multiply.sv Line: 69
Warning (10236): Verilog HDL Implicit Net warning at multiply.sv(81): created implicit net for "AhexL" File: //ad.uillinois.edu/engr-ews/analla6/Desktop/ECE385/lab4/multiply.sv Line: 81
Warning (10236): Verilog HDL Implicit Net warning at multiply.sv(84): created implicit net for "BhexL" File: //ad.uillinois.edu/engr-ews/analla6/Desktop/ECE385/lab4/multiply.sv Line: 84
Warning (10236): Verilog HDL Implicit Net warning at multiply.sv(97): created implicit net for "AhexU" File: //ad.uillinois.edu/engr-ews/analla6/Desktop/ECE385/lab4/multiply.sv Line: 97
Warning (10236): Verilog HDL Implicit Net warning at multiply.sv(100): created implicit net for "BhexU" File: //ad.uillinois.edu/engr-ews/analla6/Desktop/ECE385/lab4/multiply.sv Line: 100
Warning (10236): Verilog HDL Implicit Net warning at multiply.sv(106): created implicit net for "Reset" File: //ad.uillinois.edu/engr-ews/analla6/Desktop/ECE385/lab4/multiply.sv Line: 106
Warning (10236): Verilog HDL Implicit Net warning at multiply.sv(106): created implicit net for "LoadA" File: //ad.uillinois.edu/engr-ews/analla6/Desktop/ECE385/lab4/multiply.sv Line: 106
Warning (10236): Verilog HDL Implicit Net warning at multiply.sv(106): created implicit net for "LoadB" File: //ad.uillinois.edu/engr-ews/analla6/Desktop/ECE385/lab4/multiply.sv Line: 106
Warning (10236): Verilog HDL Implicit Net warning at multiply.sv(106): created implicit net for "Execute" File: //ad.uillinois.edu/engr-ews/analla6/Desktop/ECE385/lab4/multiply.sv Line: 106
Warning (10236): Verilog HDL Implicit Net warning at multiply.sv(107): created implicit net for "Din" File: //ad.uillinois.edu/engr-ews/analla6/Desktop/ECE385/lab4/multiply.sv Line: 107
Error (10053): Verilog HDL error at multiply.sv(69): can't index object "A" with zero packed or unpacked array dimensions File: //ad.uillinois.edu/engr-ews/analla6/Desktop/ECE385/lab4/multiply.sv Line: 69
Error (10560): Verilog HDL Expression error at multiply.sv(69): indexed name specifies too many indices for array "A" File: //ad.uillinois.edu/engr-ews/analla6/Desktop/ECE385/lab4/multiply.sv Line: 69
Error (10053): Verilog HDL error at multiply.sv(70): can't index object "A" with zero packed or unpacked array dimensions File: //ad.uillinois.edu/engr-ews/analla6/Desktop/ECE385/lab4/multiply.sv Line: 70
Error (10560): Verilog HDL Expression error at multiply.sv(70): indexed name specifies too many indices for array "A" File: //ad.uillinois.edu/engr-ews/analla6/Desktop/ECE385/lab4/multiply.sv Line: 70
Error (10053): Verilog HDL error at multiply.sv(77): can't index object "B" with zero packed or unpacked array dimensions File: //ad.uillinois.edu/engr-ews/analla6/Desktop/ECE385/lab4/multiply.sv Line: 77
Error (10560): Verilog HDL Expression error at multiply.sv(77): indexed name specifies too many indices for array "B" File: //ad.uillinois.edu/engr-ews/analla6/Desktop/ECE385/lab4/multiply.sv Line: 77
Error (10053): Verilog HDL error at multiply.sv(80): can't index object "A" with zero packed or unpacked array dimensions File: //ad.uillinois.edu/engr-ews/analla6/Desktop/ECE385/lab4/multiply.sv Line: 80
Error (10560): Verilog HDL Expression error at multiply.sv(80): indexed name specifies too many indices for array "A" File: //ad.uillinois.edu/engr-ews/analla6/Desktop/ECE385/lab4/multiply.sv Line: 80
Error (10053): Verilog HDL error at multiply.sv(83): can't index object "B" with zero packed or unpacked array dimensions File: //ad.uillinois.edu/engr-ews/analla6/Desktop/ECE385/lab4/multiply.sv Line: 83
Error (10560): Verilog HDL Expression error at multiply.sv(83): indexed name specifies too many indices for array "B" File: //ad.uillinois.edu/engr-ews/analla6/Desktop/ECE385/lab4/multiply.sv Line: 83
Error (10053): Verilog HDL error at multiply.sv(96): can't index object "A" with zero packed or unpacked array dimensions File: //ad.uillinois.edu/engr-ews/analla6/Desktop/ECE385/lab4/multiply.sv Line: 96
Error (10560): Verilog HDL Expression error at multiply.sv(96): indexed name specifies too many indices for array "A" File: //ad.uillinois.edu/engr-ews/analla6/Desktop/ECE385/lab4/multiply.sv Line: 96
Error (10053): Verilog HDL error at multiply.sv(99): can't index object "B" with zero packed or unpacked array dimensions File: //ad.uillinois.edu/engr-ews/analla6/Desktop/ECE385/lab4/multiply.sv Line: 99
Error (10560): Verilog HDL Expression error at multiply.sv(99): indexed name specifies too many indices for array "B" File: //ad.uillinois.edu/engr-ews/analla6/Desktop/ECE385/lab4/multiply.sv Line: 99
Info (144001): Generated suppressed messages file //ad.uillinois.edu/engr-ews/analla6/Desktop/ECE385/lab4/multiply.map.smsg
Error: Quartus Prime Analysis & Elaboration was unsuccessful. 14 errors, 12 warnings
    Error: Peak virtual memory: 4710 megabytes
    Error: Processing ended: Wed Feb 15 14:19:33 2023
    Error: Elapsed time: 00:00:08
    Error: Total CPU time (on all processors): 00:00:16


+--------------------------------------------+
; Analysis & Elaboration Suppressed Messages ;
+--------------------------------------------+
The suppressed messages can be found in //ad.uillinois.edu/engr-ews/analla6/Desktop/ECE385/lab4/multiply.map.smsg.


